[debug] [2019-05-20T03:30:29.779Z] ----------------------------------------------------------------------
[debug] [2019-05-20T03:30:29.781Z] Command:       /usr/local/bin/node /usr/local/bin/firebase serve
[debug] [2019-05-20T03:30:29.781Z] CLI Version:   6.9.2
[debug] [2019-05-20T03:30:29.781Z] Platform:      darwin
[debug] [2019-05-20T03:30:29.781Z] Node Version:  v11.6.0
[debug] [2019-05-20T03:30:29.782Z] Time:          Sun May 19 2019 20:30:29 GMT-0700 (Pacific Daylight Time)
[debug] [2019-05-20T03:30:29.782Z] ----------------------------------------------------------------------
[debug] 
[debug] [2019-05-20T03:30:29.789Z] > command requires scopes: ["email","openid","https://www.googleapis.com/auth/cloudplatformprojects.readonly","https://www.googleapis.com/auth/firebase","https://www.googleapis.com/auth/cloud-platform"]
[debug] [2019-05-20T03:30:29.789Z] > authorizing via signed-in user
[debug] [2019-05-20T03:30:29.789Z] [iam] checking project pico-archive for permissions ["firebase.projects.get"]
[debug] [2019-05-20T03:30:29.791Z] >>> HTTP REQUEST POST https://cloudresourcemanager.googleapis.com/v1/projects/pico-archive:testIamPermissions  

[debug] [2019-05-20T03:30:30.081Z] <<< HTTP RESPONSE 200
[debug] [2019-05-20T03:30:30.082Z] >>> HTTP REQUEST GET https://cloudresourcemanager.googleapis.com/v1/projects/pico-archive  
 
[debug] [2019-05-20T03:30:30.355Z] <<< HTTP RESPONSE 200
[info] 
[info] === Serving from '/Users/alexharris/Sites/pico-archive'...
[info] 
[warn] ⚠  Your requested "node" version "8" doesn't match your global version "11"
[debug] [2019-05-20T03:30:30.362Z] >>> HTTP REQUEST GET https://mobilesdk-pa.googleapis.com/v1/projects/916542478628/clients/_:getWebAppConfig  
 
[debug] [2019-05-20T03:30:30.363Z] >>> HTTP REQUEST GET https://mobilesdk-pa.googleapis.com/v1/projects/916542478628:getServerAppConfig  
 
[debug] [2019-05-20T03:30:30.553Z] <<< HTTP RESPONSE 200
[info] ✔  functions: Emulator started at http://localhost:5001
[debug] [2019-05-20T03:30:30.833Z] <<< HTTP RESPONSE 200
[info] i  functions: Watching "/Users/alexharris/Sites/pico-archive/functions" for Cloud Functions...
[info] i  hosting: Serving hosting files from: dist
[info] ✔  hosting: Local server: http://localhost:5000
[debug] [2019-05-20T03:30:31.180Z] Functions runtime initialized.
[debug] [2019-05-20T03:30:31.180Z] Disabled runtime features: {"functions_config_helper":true,"network_filtering":true,"timeout":true,"memory_limiting":true,"protect_env":true,"admin_stubs":true}
[warn] ⚠  The Cloud Functions emulator requires the module "firebase-admin" to be version >7.0.0 so your version is too old. You can probably fix this by running "npm install firebase-admin@latest" in your functions directory.
[info] i  functions: Your functions could not be parsed due to an issue with your node_modules (see above)
